\BOOKMARK [0][-]{chapter.1}{Markdown\040Files}{}% 1
\BOOKMARK [1][-]{section.1.1}{What\040is\040MyST?}{chapter.1}% 2
\BOOKMARK [1][-]{section.1.2}{Sample\040Roles\040and\040Directivs}{chapter.1}% 3
\BOOKMARK [1][-]{section.1.3}{Citations}{chapter.1}% 4
\BOOKMARK [1][-]{section.1.4}{Learn\040more}{chapter.1}% 5
\BOOKMARK [1][-]{section.1.5}{Data\040analytics}{chapter.1}% 6
\BOOKMARK [2][-]{subsection.1.5.1}{Intro\040to\040statistical\040modelling}{section.1.5}% 7
\BOOKMARK [3][-]{subsubsection*.3}{\376\377\000d\000r\000\040\000h\000a\000b\000.\000\040\000i\000n\001\174\000.\000\040\000J\000e\000r\000z\000y\000\040\000B\000a\000r\000a\000n\000o\000w\000s\000k\000i\000,\000\040\000P\000r\000o\000f\000.\000\040\000A\000G\000H}{subsection.1.5.1}% 8
\BOOKMARK [2][-]{subsection.1.5.2}{Organizational\040aspects}{section.1.5}% 9
\BOOKMARK [2][-]{subsection.1.5.3}{Course\040code}{section.1.5}% 10
\BOOKMARK [3][-]{subsubsection*.4}{EAIiIBAiRCSS.IIi1O.34b7b98ba1017eb4b851f46d7326974f.19}{subsection.1.5.3}% 11
\BOOKMARK [2][-]{subsection.1.5.4}{Course\040outline}{section.1.5}% 12
\BOOKMARK [2][-]{subsection.1.5.5}{Source\040material\040-\040BDA\0403rd\040edition}{section.1.5}% 13
\BOOKMARK [2][-]{subsection.1.5.6}{Source\040material\040-\040Statistical\040Rethinking\0402nd\040edition}{section.1.5}% 14
\BOOKMARK [2][-]{subsection.1.5.7}{Source\040material\040-\040case\040studies\040by\040Michael\040Betancourt}{section.1.5}% 15
\BOOKMARK [2][-]{subsection.1.5.8}{\376\377\000E\000x\000t\000r\000a\000\040\000r\000e\000a\000d\000i\000n\000g\000\040\000-\000\040\000S\000t\000u\000d\000e\000n\000t\040\031\000s\000\040\000g\000u\000i\000d\000e\000\040\000t\000o\000\040\000B\000a\000y\000e\000s\000i\000a\000n\000\040\000s\000t\000a\000t\000i\000s\000t\000i\000c\000s}{section.1.5}% 16
\BOOKMARK [2][-]{subsection.1.5.9}{Extra\040reading\040-\040Bayesian\040analysis\040with\040Python}{section.1.5}% 17
\BOOKMARK [2][-]{subsection.1.5.10}{Interesting\040people\040on\040Twitter}{section.1.5}% 18
\BOOKMARK [2][-]{subsection.1.5.11}{What\040is\040the\040point?}{section.1.5}% 19
\BOOKMARK [2][-]{subsection.1.5.12}{What\040is\040data\040science?}{section.1.5}% 20
\BOOKMARK [2][-]{subsection.1.5.13}{SM\040vs\040ML}{section.1.5}% 21
\BOOKMARK [2][-]{subsection.1.5.14}{SM}{section.1.5}% 22
\BOOKMARK [2][-]{subsection.1.5.15}{ML}{section.1.5}% 23
\BOOKMARK [2][-]{subsection.1.5.16}{Advantages\040of\040ML}{section.1.5}% 24
\BOOKMARK [2][-]{subsection.1.5.17}{Advantages\040of\040SM}{section.1.5}% 25
\BOOKMARK [2][-]{subsection.1.5.18}{Discussion\040points}{section.1.5}% 26
\BOOKMARK [2][-]{subsection.1.5.19}{When\040to\040use\040SM?}{section.1.5}% 27
\BOOKMARK [2][-]{subsection.1.5.20}{When\040to\040use\040ML?}{section.1.5}% 28
\BOOKMARK [2][-]{subsection.1.5.21}{Bayesian\040Statistical\040Modelling}{section.1.5}% 29
\BOOKMARK [2][-]{subsection.1.5.22}{Bayesian\040paradigm}{section.1.5}% 30
\BOOKMARK [2][-]{subsection.1.5.23}{Bayesian\040methods\040work}{section.1.5}% 31
\BOOKMARK [2][-]{subsection.1.5.24}{Main\040fields\040of\040Bayesian\040applications}{section.1.5}% 32
\BOOKMARK [2][-]{subsection.1.5.25}{Main\040concepts\040of\040BDA}{section.1.5}% 33
\BOOKMARK [2][-]{subsection.1.5.26}{\376\377\000B\000a\000y\000e\000s\040\031\000\040\000r\000u\000l\000e\000\040\000d\000e\000r\000i\000v\000a\000t\000i\000o\000n}{section.1.5}% 34
\BOOKMARK [2][-]{subsection.1.5.27}{\376\377\000B\000a\000y\000e\000s\040\031\000\040\000r\000u\000l\000e}{section.1.5}% 35
\BOOKMARK [2][-]{subsection.1.5.28}{\376\377\000E\000x\000a\000m\000p\000l\000e\000\040\040\023\000\040\000s\000p\000e\000l\000l\000i\000n\000g\000\040\000c\000o\000r\000r\000e\000c\000t\000i\000o\000n\000\040\000\050\000B\000D\000A\0003\000\051}{section.1.5}% 36
\BOOKMARK [2][-]{subsection.1.5.29}{Example\040cont.}{section.1.5}% 37
\BOOKMARK [3][-]{subsubsection*.5}{Prior\040distribution}{subsection.1.5.29}% 38
\BOOKMARK [2][-]{subsection.1.5.30}{Example\040cont.}{section.1.5}% 39
\BOOKMARK [3][-]{subsubsection*.6}{Likelyhood}{subsection.1.5.30}% 40
\BOOKMARK [2][-]{subsection.1.5.31}{Example\040cont.}{section.1.5}% 41
\BOOKMARK [1][-]{section.1.6}{Data\040analytics}{chapter.1}% 42
\BOOKMARK [2][-]{subsection.1.6.1}{Bayesian\040basics}{section.1.6}% 43
\BOOKMARK [3][-]{subsubsection*.7}{\376\377\000d\000r\000\040\000h\000a\000b\000.\000\040\000i\000n\001\174\000.\000\040\000J\000e\000r\000z\000y\000\040\000B\000a\000r\000a\000n\000o\000w\000s\000k\000i\000,\000\040\000P\000r\000o\000f\000.\000\040\000A\000G\000H}{subsection.1.6.1}% 44
\BOOKMARK [2][-]{subsection.1.6.2}{\376\377\000B\000a\000y\000e\000s\040\031\000\040\000r\000u\000l\000e}{section.1.6}% 45
\BOOKMARK [2][-]{subsection.1.6.3}{Predictions}{section.1.6}% 46
\BOOKMARK [3][-]{subsubsection*.8}{Prior\040predictive\040distribution}{subsection.1.6.3}% 47
\BOOKMARK [2][-]{subsection.1.6.4}{Predictions}{section.1.6}% 48
\BOOKMARK [3][-]{subsubsection*.9}{Posterior\040predictive\040distribution}{subsection.1.6.4}% 49
\BOOKMARK [2][-]{subsection.1.6.5}{Additional\040notation\040and\040properties}{section.1.6}% 50
\BOOKMARK [3][-]{subsubsection*.10}{Everything\040is\040conditional}{subsection.1.6.5}% 51
\BOOKMARK [3][-]{subsubsection*.11}{Expectation}{subsection.1.6.5}% 52
\BOOKMARK [3][-]{subsubsection*.12}{Variance}{subsection.1.6.5}% 53
\BOOKMARK [2][-]{subsection.1.6.6}{Conditional\040expectations\040and\040variances}{section.1.6}% 54
\BOOKMARK [3][-]{subsubsection*.13}{Expectation\040of\040conditional\040distribution}{subsection.1.6.6}% 55
\BOOKMARK [3][-]{subsubsection*.14}{Variance\040of\040conditional\040distribution}{subsection.1.6.6}% 56
\BOOKMARK [2][-]{subsection.1.6.7}{Changing\040variables}{section.1.6}% 57
\BOOKMARK [3][-]{subsubsection*.15}{Discrete\040distributions}{subsection.1.6.7}% 58
\BOOKMARK [2][-]{subsection.1.6.8}{Continuous\040distributions}{section.1.6}% 59
\BOOKMARK [2][-]{subsection.1.6.9}{Typical\040variable\040changes}{section.1.6}% 60
\BOOKMARK [2][-]{subsection.1.6.10}{Single\040parameter\040models}{section.1.6}% 61
\BOOKMARK [3][-]{subsubsection*.16}{Building\040blocks\040of\040more\040complicated\040models}{subsection.1.6.10}% 62
\BOOKMARK [3][-]{subsubsection*.17}{Answers\040to\040basic\040questions\040e.g.:}{subsection.1.6.10}% 63
\BOOKMARK [2][-]{subsection.1.6.11}{Binomial\040model}{section.1.6}% 64
\BOOKMARK [2][-]{subsection.1.6.12}{Example\040of\040Bayesian\040learning}{section.1.6}% 65
\BOOKMARK [2][-]{subsection.1.6.13}{Globe\040tossing\040likelyhood}{section.1.6}% 66
\BOOKMARK [2][-]{subsection.1.6.14}{How\040does\040it\040look\040analytically?}{section.1.6}% 67
\BOOKMARK [2][-]{subsection.1.6.15}{How\040to\040summarize\040posterior?}{section.1.6}% 68
\BOOKMARK [2][-]{subsection.1.6.16}{Interval\040summaries}{section.1.6}% 69
\BOOKMARK [2][-]{subsection.1.6.17}{Priors}{section.1.6}% 70
\BOOKMARK [2][-]{subsection.1.6.18}{Informative\040priors}{section.1.6}% 71
\BOOKMARK [2][-]{subsection.1.6.19}{Posterior\040with\040informative\040prior}{section.1.6}% 72
\BOOKMARK [2][-]{subsection.1.6.20}{Conjugacy}{section.1.6}% 73
\BOOKMARK [2][-]{subsection.1.6.21}{Example\040-\040biology}{section.1.6}% 74
\BOOKMARK [2][-]{subsection.1.6.22}{Uniform\040prior}{section.1.6}% 75
\BOOKMARK [3][-]{subsubsection*.18}{Visualisation}{subsection.1.6.22}% 76
\BOOKMARK [2][-]{subsection.1.6.23}{Conjugate\040priors}{section.1.6}% 77
\BOOKMARK [2][-]{subsection.1.6.24}{Non-conjugate\040prior}{section.1.6}% 78
\BOOKMARK [1][-]{section.1.7}{Data\040analytics}{chapter.1}% 79
\BOOKMARK [2][-]{subsection.1.7.1}{Exploring\040distributions}{section.1.7}% 80
\BOOKMARK [3][-]{subsubsection*.19}{\376\377\000d\000r\000\040\000h\000a\000b\000.\000\040\000i\000n\001\174\000.\000\040\000J\000e\000r\000z\000y\000\040\000B\000a\000r\000a\000n\000o\000w\000s\000k\000i\000,\000\040\000P\000r\000o\000f\000.\000\040\000A\000G\000H}{subsection.1.7.1}% 81
\BOOKMARK [2][-]{subsection.1.7.2}{Managing\040expectations}{section.1.7}% 82
\BOOKMARK [2][-]{subsection.1.7.3}{Expectations}{section.1.7}% 83
\BOOKMARK [2][-]{subsection.1.7.4}{How\040to\040compute\040expectations?}{section.1.7}% 84
\BOOKMARK [2][-]{subsection.1.7.5}{How\040to\040compute\040expectations?}{section.1.7}% 85
\BOOKMARK [2][-]{subsection.1.7.6}{Monte\040Carlo\040estimators}{section.1.7}% 86
\BOOKMARK [2][-]{subsection.1.7.7}{Motivational\040example}{section.1.7}% 87
\BOOKMARK [2][-]{subsection.1.7.8}{Grid\040approximation}{section.1.7}% 88
\BOOKMARK [2][-]{subsection.1.7.9}{Grid\040approximation\040example}{section.1.7}% 89
\BOOKMARK [2][-]{subsection.1.7.10}{Summarizing\040by\040sampling}{section.1.7}% 90
\BOOKMARK [2][-]{subsection.1.7.11}{Sampling\040from\040grid\040posterior}{section.1.7}% 91
\BOOKMARK [2][-]{subsection.1.7.12}{Weakly\040informative\040priors}{section.1.7}% 92
\BOOKMARK [2][-]{subsection.1.7.13}{Prior\040predictive\040distribution}{section.1.7}% 93
\BOOKMARK [2][-]{subsection.1.7.14}{Posterior\040predictive\040distribution}{section.1.7}% 94
\BOOKMARK [2][-]{subsection.1.7.15}{Do\040grid\040approximations\040generalize?}{section.1.7}% 95
\BOOKMARK [2][-]{subsection.1.7.16}{Sometimes\040geometry\040is\040difficult}{section.1.7}% 96
\BOOKMARK [2][-]{subsection.1.7.17}{What\040contributes\040to\040expectation?}{section.1.7}% 97
\BOOKMARK [2][-]{subsection.1.7.18}{But\040what\040about\040the\040volume?}{section.1.7}% 98
\BOOKMARK [2][-]{subsection.1.7.19}{Volume\040rises\040exponentially\040with\040dimension}{section.1.7}% 99
\BOOKMARK [2][-]{subsection.1.7.20}{It\040is\040the\040product\040that\040counts}{section.1.7}% 100
\BOOKMARK [2][-]{subsection.1.7.21}{Typical\040set}{section.1.7}% 101
\BOOKMARK [2][-]{subsection.1.7.22}{Concentration\040of\040measure}{section.1.7}% 102
\BOOKMARK [2][-]{subsection.1.7.23}{Typical\040set\040is\040where\040we\040should\040sample\040from}{section.1.7}% 103
\BOOKMARK [2][-]{subsection.1.7.24}{Computational\040algorithms\040for\040probabilistic\040computing}{section.1.7}% 104
\BOOKMARK [2][-]{subsection.1.7.25}{Modal\040estimators}{section.1.7}% 105
\BOOKMARK [2][-]{subsection.1.7.26}{Issues}{section.1.7}% 106
\BOOKMARK [2][-]{subsection.1.7.27}{Laplace\040estimator}{section.1.7}% 107
\BOOKMARK [2][-]{subsection.1.7.28}{If\040distribution\040is\040relatively\040close\040to\040Gaussian,\040typical\040set\040is\040well\040approximated}{section.1.7}% 108
\BOOKMARK [2][-]{subsection.1.7.29}{Variational\040approximation}{section.1.7}% 109
\BOOKMARK [2][-]{subsection.1.7.30}{Multimodality\040of\040variational\040approximation}{section.1.7}% 110
\BOOKMARK [2][-]{subsection.1.7.31}{Over\040and\040under\040fitting\040of\040the\040typical\040set}{section.1.7}% 111
\BOOKMARK [2][-]{subsection.1.7.32}{Monte\040Carlo\040sampling}{section.1.7}% 112
\BOOKMARK [2][-]{subsection.1.7.33}{Issues\040with\040Monte\040Carlo}{section.1.7}% 113
\BOOKMARK [2][-]{subsection.1.7.34}{Markov\040Chain\040Monte\040Carlo}{section.1.7}% 114
\BOOKMARK [2][-]{subsection.1.7.35}{Extra\040reading}{section.1.7}% 115
\BOOKMARK [0][-]{chapter.2}{Content\040with\040notebooks}{}% 116
\BOOKMARK [1][-]{section.2.1}{Markdown\040+\040notebooks}{chapter.2}% 117
\BOOKMARK [1][-]{section.2.2}{MyST\040markdown}{chapter.2}% 118
\BOOKMARK [1][-]{section.2.3}{Code\040blocks\040and\040outputs}{chapter.2}% 119
\BOOKMARK [0][-]{chapter.3}{Notebooks\040with\040MyST\040Markdown}{}% 120
\BOOKMARK [1][-]{section.3.1}{An\040example\040cell}{chapter.3}% 121
\BOOKMARK [1][-]{section.3.2}{Create\040a\040notebook\040with\040MyST\040Markdown}{chapter.3}% 122
\BOOKMARK [1][-]{section.3.3}{Quickly\040add\040YAML\040metadata\040for\040MyST\040Notebooks}{chapter.3}% 123
\BOOKMARK [0][-]{chapter*.20}{Bibliography}{}% 124
